alive
alive
alive
alive
alive
alive
alive
alive
Die
Die
Die
Die
Die
Die
Die
Die
processed Items: 80
processed Items: 80
processed Items: 70
processed Items: 69
processed Items: 70
processed Items: 60
processed Items: 90
processed Items: 80
4.00131702423 seconds
contributed to 0 0 0 NaN NaN
managed to 1 86 0 1.0 0.874452554745
iota of 0 19 1 0.0 0.96925566343
glimmer of 0 3 1 0.0 0.995016611296
according to 0 11 0 NaN NaN
sun's rays 0 25 0 NaN NaN
toothbrush is 0 0 0 NaN NaN
associated with 0 0 2 0.0 1.0
revolvers and 0 0 0 NaN NaN
overt acts 0 7 0 NaN NaN
a couple of 0 0 1 0.0 1.0
token that 0 3 0 NaN NaN
spears and 0 5 0 NaN NaN
hatred and 0 6 2 0.0 0.990082644628
tearing at 1 72 0 1.0 0.892697466468
violation of 1 0 0 1.0 1.0
portuguese boy 2 2 0 1.0 0.996672212978
trying to 0 71 0 NaN NaN
foretell war 0 1 0 NaN NaN
spur of 0 444 0 NaN NaN
owls were 1 120 0 1.0 0.833101529903
plenty of 1 2 0 1.0 0.996672212978
norsemen considered 0 0 0 NaN NaN
computing power 0 0 0 NaN NaN
le beau 2 597 0 1.0 0.500836120401
alive
alive
alive
alive
alive
alive
alive
alive
Die
Die
Die
Die
Die
Die
Die
Die
processed Items: 9836
processed Items: 9345
processed Items: 9590
processed Items: 10205
processed Items: 9328
processed Items: 9518
processed Items: 9560
processed Items: 9653
522.752496004 seconds
contributed to 13 36 49 0.209677419355 0.999532898237
managed to 19 5749 44 0.301587301587 0.930554213375
iota of 8 4253 70 0.102564102564 0.947679854345
glimmer of 6 222 57 0.0952380952381 0.997126473976
according to 15 761 53 0.220588235294 0.990218006067
sun's rays 7 1535 62 0.101449275362 0.980463281151
toothbrush is 0 24 0 NaN NaN
associated with 9 13 55 0.140625 0.999831274011
revolvers and 2 1 62 0.03125 0.999987019056
overt acts 2 314 61 0.031746031746 0.995940477576
a couple of 0 18 100 0.0 0.99976639456
token that 7 181 55 0.112903225806 0.997655926233
spears and 35 1696 69 0.336538461538 0.9784582947
hatred and 27 465 75 0.264705882353 0.994
tearing at 65 9014 45 0.590909090909 0.895245732083
violation of 11 20 63 0.148648648649 0.999740445137
portuguese boy 31 62 52 0.373493975904 0.999195818255
trying to 46 6179 21 0.686567164179 0.925745667796
foretell war 24 43 45 0.347826086957 0.999442123563
spur of 65 59026 8 0.890410958904 0.566179875203
owls were 33 9344 32 0.507692307692 0.891825559453
plenty of 9 439 126 0.0666666666667 0.994333582879
norsemen considered 19 0 50 0.275362318841 1.0
computing power 8 9 73 0.0987654320988 0.999883183635
le beau 91 76887 0 1.0 0.500480762984
alive
alive
alive
alive
alive
alive
alive
alive
Die
Die
Die
Die
Die
Die
Die
Die
processed Items: 9620
processed Items: 9832
processed Items: 9962
processed Items: 9664
processed Items: 9547
processed Items: 9483
processed Items: 9443
processed Items: 9484
225.810184956 seconds
what do you want 0 1634 0 NaN NaN
alive
alive
alive
alive
alive
alive
alive
alive
Die
Die
Die
Die
Die
Die
Die
Die
processed Items: 9458
processed Items: 9600
processed Items: 10302
processed Items: 9232
processed Items: 9674
processed Items: 9529
processed Items: 9466
processed Items: 9774
229.721910954 seconds
what do you want 32 1551 2 0.941176470588 0.980263660194
are you going to 0 2158 0 NaN NaN
alive
alive
alive
alive
alive
alive
alive
alive
alive
alive
alive
alive
alive
alive
alive
alive
Die
Die
Die
Die
Die
Die
Die
Die
processed Items: 9323
processed Items: 9581
processed Items: 9308
processed Items: 9652
processed Items: 9654
processed Items: 9609
processed Items: 9834
processed Items: 10074
237.370831013 seconds
what do you want 32 1551 2 0.941176470588 0.980263660194
are you going to 0 2158 0 NaN NaN
alive
alive
alive
alive
alive
alive
alive
alive
Die
Die
Die
Die
Die
Die
Die
Die
processed Items: 9878
processed Items: 9600
processed Items: 9462
processed Items: 9724
processed Items: 9894
processed Items: 9543
processed Items: 9673
processed Items: 9261
247.706958055 seconds
what do you want 32 1551 2 0.941176470588 0.980263660194
are you going to 31 2128 12 0.720930232558 0.973118754974
alive
alive
alive
alive
alive
alive
alive
alive
Die
Die
Die
Die
Die
Die
Die
Die
processed Items: 9279
processed Items: 9680
processed Items: 9685
processed Items: 9688
processed Items: 9473
processed Items: 9724
processed Items: 9523
processed Items: 9983
252.750616074 seconds
what do you want 32 1551 2 0.941176470588 0.979857404449
are you going to 31 2128 12 0.720930232558 0.972360764755
